[2025-03-03 12:55:21,677] multiqc                                            [DEBUG  ]  This is MultiQC v1.15
[2025-03-03 12:55:21,679] multiqc                                            [DEBUG  ]  Command used: /programs/multiqc-1.15/bin/multiqc .
[2025-03-03 12:55:22,169] multiqc                                            [WARNING]  MultiQC Version v1.27.1 now available!
[2025-03-03 12:55:22,169] multiqc                                            [DEBUG  ]  Working dir : /local/workdir/lz592/MyProject/data/fastqc_reports
[2025-03-03 12:55:22,169] multiqc                                            [DEBUG  ]  Template    : default
[2025-03-03 12:55:22,169] multiqc                                            [DEBUG  ]  Running Python 3.9.18 (main, Aug 23 2024, 00:00:00)  [GCC 11.4.1 20231218 (Red Hat 11.4.1-3)]
[2025-03-03 12:55:22,171] multiqc                                            [DEBUG  ]  Analysing modules: custom_content, ccs, ngsderive, purple, conpair, lima, peddy, somalier, methylQA, mosdepth, phantompeakqualtools, qualimap, preseq, hifiasm, quast, qorts, rna_seqc, rockhopper, rsem, rseqc, busco, bustools, goleft_indexcov, gffcompare, disambiguate, supernova, deeptools, sargasso, verifybamid, mirtrace, happy, mirtop, sambamba, gopeaks, homer, hops, macs2, theta2, snpeff, gatk, htseq, bcftools, featureCounts, fgbio, dragen, dragen_fastqc, dedup, pbmarkdup, damageprofiler, biobambam2, jcvi, mtnucratio, picard, vep, sentieon, prokka, qc3C, nanostat, samblaster, samtools, sexdeterrmine, eigenstratdatabasetools, bamtools, jellyfish, vcftools, longranger, stacks, varscan2, snippy, umitools, bbmap, bismark, biscuit, diamond, hicexplorer, hicup, hicpro, salmon, kallisto, slamdunk, star, hisat2, tophat, bowtie2, bowtie1, cellranger, snpsplit, odgi, pangolin, nextclade, humid, kat, leehom, librarian, adapterRemoval, bbduk, clipandmerge, cutadapt, flexbar, kaiju, kraken, malt, motus, trimmomatic, sickle, skewer, sortmerna, biobloomtools, fastq_screen, afterqc, fastp, fastqc, filtlong, prinseqplusplus, pychopper, porechop, pycoqc, minionqc, anglerfish, multivcfanalyzer, clusterflow, checkqc, bcl2fastq, bclconvert, interop, ivar, flash, seqyclean, optitype, whatshap
[2025-03-03 12:55:22,171] multiqc                                            [DEBUG  ]  Using temporary directory for creating report: /tmp/tmpqeg7uvxy
[2025-03-03 12:55:22,512] multiqc                                            [INFO   ]  Search path : /local/workdir/lz592/MyProject/data/fastqc_reports
[2025-03-03 12:55:24,044] multiqc                                            [DEBUG  ]  Summary of files that were skipped by the search: [skipped_module_specific_max_filesize: 1566] // [skipped_no_match: 1392]
[2025-03-03 12:55:25,138] multiqc.plots.bargraph                             [DEBUG  ]  Using matplotlib version 3.9.2
[2025-03-03 12:55:25,314] multiqc.plots.linegraph                            [DEBUG  ]  Using matplotlib version 3.9.2
[2025-03-03 12:55:25,376] multiqc                                            [DEBUG  ]  No samples found: custom_content
[2025-03-03 12:55:25,827] multiqc.modules.fastqc.fastqc                      [DEBUG  ]  Skipping 'SRR12873300_1_fastqc.zip' as already parsed 'SRR12873300_1'
[2025-03-03 12:55:25,827] multiqc.modules.fastqc.fastqc                      [DEBUG  ]  Skipping 'SRR12873300_2_fastqc.zip' as already parsed 'SRR12873300_2'
[2025-03-03 12:55:25,827] multiqc.modules.fastqc.fastqc                      [DEBUG  ]  Skipping 'SRR12873301_1_fastqc.zip' as already parsed 'SRR12873301_1'
[2025-03-03 12:55:25,827] multiqc.modules.fastqc.fastqc                      [DEBUG  ]  Skipping 'SRR12873301_2_fastqc.zip' as already parsed 'SRR12873301_2'
[2025-03-03 12:55:25,827] multiqc.modules.fastqc.fastqc                      [DEBUG  ]  Skipping 'SRR12873302_1_fastqc.zip' as already parsed 'SRR12873302_1'
[2025-03-03 12:55:25,827] multiqc.modules.fastqc.fastqc                      [DEBUG  ]  Skipping 'SRR12873302_2_fastqc.zip' as already parsed 'SRR12873302_2'
[2025-03-03 12:55:25,828] multiqc.modules.fastqc.fastqc                      [DEBUG  ]  Skipping 'SRR12873303_1_fastqc.zip' as already parsed 'SRR12873303_1'
[2025-03-03 12:55:25,828] multiqc.modules.fastqc.fastqc                      [DEBUG  ]  Skipping 'SRR12873303_2_fastqc.zip' as already parsed 'SRR12873303_2'
[2025-03-03 12:55:25,828] multiqc.modules.fastqc.fastqc                      [DEBUG  ]  Skipping 'SRR12873304_1_fastqc.zip' as already parsed 'SRR12873304_1'
[2025-03-03 12:55:25,828] multiqc.modules.fastqc.fastqc                      [DEBUG  ]  Skipping 'SRR12873304_2_fastqc.zip' as already parsed 'SRR12873304_2'
[2025-03-03 12:55:25,828] multiqc.modules.fastqc.fastqc                      [DEBUG  ]  Skipping 'SRR12873305_1_fastqc.zip' as already parsed 'SRR12873305_1'
[2025-03-03 12:55:25,828] multiqc.modules.fastqc.fastqc                      [DEBUG  ]  Skipping 'SRR12873305_2_fastqc.zip' as already parsed 'SRR12873305_2'
[2025-03-03 12:55:25,828] multiqc.modules.fastqc.fastqc                      [DEBUG  ]  Skipping 'SRR12873306_1_fastqc.zip' as already parsed 'SRR12873306_1'
[2025-03-03 12:55:25,828] multiqc.modules.fastqc.fastqc                      [DEBUG  ]  Skipping 'SRR12873306_2_fastqc.zip' as already parsed 'SRR12873306_2'
[2025-03-03 12:55:25,828] multiqc.modules.fastqc.fastqc                      [DEBUG  ]  Skipping 'SRR12873307_1_fastqc.zip' as already parsed 'SRR12873307_1'
[2025-03-03 12:55:25,828] multiqc.modules.fastqc.fastqc                      [DEBUG  ]  Skipping 'SRR12873307_2_fastqc.zip' as already parsed 'SRR12873307_2'
[2025-03-03 12:55:25,828] multiqc.modules.fastqc.fastqc                      [DEBUG  ]  Skipping 'SRR12873308_1_fastqc.zip' as already parsed 'SRR12873308_1'
[2025-03-03 12:55:25,828] multiqc.modules.fastqc.fastqc                      [DEBUG  ]  Skipping 'SRR12873308_2_fastqc.zip' as already parsed 'SRR12873308_2'
[2025-03-03 12:55:25,828] multiqc.modules.fastqc.fastqc                      [DEBUG  ]  Skipping 'SRR12873309_1_fastqc.zip' as already parsed 'SRR12873309_1'
[2025-03-03 12:55:25,828] multiqc.modules.fastqc.fastqc                      [DEBUG  ]  Skipping 'SRR12873309_2_fastqc.zip' as already parsed 'SRR12873309_2'
[2025-03-03 12:55:25,828] multiqc.modules.fastqc.fastqc                      [DEBUG  ]  Skipping 'SRR12873310_1_fastqc.zip' as already parsed 'SRR12873310_1'
[2025-03-03 12:55:25,828] multiqc.modules.fastqc.fastqc                      [DEBUG  ]  Skipping 'SRR12873310_2_fastqc.zip' as already parsed 'SRR12873310_2'
[2025-03-03 12:55:25,829] multiqc.modules.fastqc.fastqc                      [DEBUG  ]  Skipping 'SRR12873311_1_fastqc.zip' as already parsed 'SRR12873311_1'
[2025-03-03 12:55:25,829] multiqc.modules.fastqc.fastqc                      [DEBUG  ]  Skipping 'SRR12873311_2_fastqc.zip' as already parsed 'SRR12873311_2'
[2025-03-03 12:55:25,829] multiqc.modules.fastqc.fastqc                      [DEBUG  ]  Skipping 'SRR12873312_1_fastqc.zip' as already parsed 'SRR12873312_1'
[2025-03-03 12:55:25,829] multiqc.modules.fastqc.fastqc                      [DEBUG  ]  Skipping 'SRR12873312_2_fastqc.zip' as already parsed 'SRR12873312_2'
[2025-03-03 12:55:25,829] multiqc.modules.fastqc.fastqc                      [DEBUG  ]  Skipping 'SRR12873313_1_fastqc.zip' as already parsed 'SRR12873313_1'
[2025-03-03 12:55:25,829] multiqc.modules.fastqc.fastqc                      [DEBUG  ]  Skipping 'SRR12873313_2_fastqc.zip' as already parsed 'SRR12873313_2'
[2025-03-03 12:55:25,829] multiqc.modules.fastqc.fastqc                      [DEBUG  ]  Skipping 'SRR12873314_1_fastqc.zip' as already parsed 'SRR12873314_1'
[2025-03-03 12:55:25,829] multiqc.modules.fastqc.fastqc                      [DEBUG  ]  Skipping 'SRR12873314_2_fastqc.zip' as already parsed 'SRR12873314_2'
[2025-03-03 12:55:25,829] multiqc.modules.fastqc.fastqc                      [DEBUG  ]  Skipping 'SRR12873315_1_fastqc.zip' as already parsed 'SRR12873315_1'
[2025-03-03 12:55:25,829] multiqc.modules.fastqc.fastqc                      [DEBUG  ]  Skipping 'SRR12873315_2_fastqc.zip' as already parsed 'SRR12873315_2'
[2025-03-03 12:55:25,829] multiqc.modules.fastqc.fastqc                      [DEBUG  ]  Skipping 'SRR12873316_1_fastqc.zip' as already parsed 'SRR12873316_1'
[2025-03-03 12:55:25,829] multiqc.modules.fastqc.fastqc                      [DEBUG  ]  Skipping 'SRR12873316_2_fastqc.zip' as already parsed 'SRR12873316_2'
[2025-03-03 12:55:25,829] multiqc.modules.fastqc.fastqc                      [DEBUG  ]  Skipping 'SRR12873317_1_fastqc.zip' as already parsed 'SRR12873317_1'
[2025-03-03 12:55:25,829] multiqc.modules.fastqc.fastqc                      [DEBUG  ]  Skipping 'SRR12873317_2_fastqc.zip' as already parsed 'SRR12873317_2'
[2025-03-03 12:55:25,829] multiqc.modules.fastqc.fastqc                      [DEBUG  ]  Skipping 'SRR12873318_1_fastqc.zip' as already parsed 'SRR12873318_1'
[2025-03-03 12:55:25,830] multiqc.modules.fastqc.fastqc                      [DEBUG  ]  Skipping 'SRR12873318_2_fastqc.zip' as already parsed 'SRR12873318_2'
[2025-03-03 12:55:25,830] multiqc.modules.fastqc.fastqc                      [DEBUG  ]  Skipping 'SRR12873319_1_fastqc.zip' as already parsed 'SRR12873319_1'
[2025-03-03 12:55:25,830] multiqc.modules.fastqc.fastqc                      [DEBUG  ]  Skipping 'SRR12873319_2_fastqc.zip' as already parsed 'SRR12873319_2'
[2025-03-03 12:55:25,830] multiqc.modules.fastqc.fastqc                      [DEBUG  ]  Skipping 'SRR12873320_1_fastqc.zip' as already parsed 'SRR12873320_1'
[2025-03-03 12:55:25,830] multiqc.modules.fastqc.fastqc                      [DEBUG  ]  Skipping 'SRR12873320_2_fastqc.zip' as already parsed 'SRR12873320_2'
[2025-03-03 12:55:25,830] multiqc.modules.fastqc.fastqc                      [DEBUG  ]  Skipping 'SRR12873321_1_fastqc.zip' as already parsed 'SRR12873321_1'
[2025-03-03 12:55:25,830] multiqc.modules.fastqc.fastqc                      [DEBUG  ]  Skipping 'SRR12873321_2_fastqc.zip' as already parsed 'SRR12873321_2'
[2025-03-03 12:55:25,830] multiqc.modules.fastqc.fastqc                      [DEBUG  ]  Skipping 'SRR12873322_1_fastqc.zip' as already parsed 'SRR12873322_1'
[2025-03-03 12:55:25,830] multiqc.modules.fastqc.fastqc                      [DEBUG  ]  Skipping 'SRR12873322_2_fastqc.zip' as already parsed 'SRR12873322_2'
[2025-03-03 12:55:25,830] multiqc.modules.fastqc.fastqc                      [DEBUG  ]  Skipping 'SRR12873323_1_fastqc.zip' as already parsed 'SRR12873323_1'
[2025-03-03 12:55:25,830] multiqc.modules.fastqc.fastqc                      [DEBUG  ]  Skipping 'SRR12873323_2_fastqc.zip' as already parsed 'SRR12873323_2'
[2025-03-03 12:55:25,830] multiqc.modules.fastqc.fastqc                      [DEBUG  ]  Skipping 'SRR12873324_1_fastqc.zip' as already parsed 'SRR12873324_1'
[2025-03-03 12:55:25,830] multiqc.modules.fastqc.fastqc                      [DEBUG  ]  Skipping 'SRR12873324_2_fastqc.zip' as already parsed 'SRR12873324_2'
[2025-03-03 12:55:25,830] multiqc.modules.fastqc.fastqc                      [DEBUG  ]  Skipping 'SRR12873325_1_fastqc.zip' as already parsed 'SRR12873325_1'
[2025-03-03 12:55:25,830] multiqc.modules.fastqc.fastqc                      [DEBUG  ]  Skipping 'SRR12873325_2_fastqc.zip' as already parsed 'SRR12873325_2'
[2025-03-03 12:55:25,830] multiqc.modules.fastqc.fastqc                      [DEBUG  ]  Skipping 'SRR12873326_1_fastqc.zip' as already parsed 'SRR12873326_1'
[2025-03-03 12:55:25,831] multiqc.modules.fastqc.fastqc                      [DEBUG  ]  Skipping 'SRR12873326_2_fastqc.zip' as already parsed 'SRR12873326_2'
[2025-03-03 12:55:25,831] multiqc.modules.fastqc.fastqc                      [DEBUG  ]  Skipping 'SRR12873327_1_fastqc.zip' as already parsed 'SRR12873327_1'
[2025-03-03 12:55:25,831] multiqc.modules.fastqc.fastqc                      [DEBUG  ]  Skipping 'SRR12873327_2_fastqc.zip' as already parsed 'SRR12873327_2'
[2025-03-03 12:55:25,831] multiqc.modules.fastqc.fastqc                      [DEBUG  ]  Skipping 'SRR12873328_1_fastqc.zip' as already parsed 'SRR12873328_1'
[2025-03-03 12:55:25,831] multiqc.modules.fastqc.fastqc                      [DEBUG  ]  Skipping 'SRR12873328_2_fastqc.zip' as already parsed 'SRR12873328_2'
[2025-03-03 12:55:25,831] multiqc.modules.fastqc.fastqc                      [INFO   ]  Found 58 reports
[2025-03-03 12:55:26,761] multiqc                                            [DEBUG  ]  Compressing plot data
[2025-03-03 12:55:27,202] multiqc                                            [INFO   ]  Report      : multiqc_report.html
[2025-03-03 12:55:27,203] multiqc                                            [INFO   ]  Data        : multiqc_data
[2025-03-03 12:55:27,203] multiqc                                            [DEBUG  ]  Moving data file from '/tmp/tmpqeg7uvxy/multiqc_data' to '/local/workdir/lz592/MyProject/data/fastqc_reports/multiqc_data'
[2025-03-03 12:55:28,170] multiqc                                            [INFO   ]  MultiQC complete
